  main.cpp
  cl_version.h: CL_TARGET_OPENCL_VERSION is not defined. Defaulting to 220 (OpenCL 2.2)
D:\GPU_Labs\GPU_Lab3_Gemm\GPU_Lab3_Gemm\main.cpp(52,1): warning C4114: Множественное использование одного и того же квалификатора типа.
D:\GPU_Labs\GPU_Lab3_Gemm\GPU_Lab3_Gemm\main.cpp(68,1): warning C4114: Множественное использование одного и того же квалификатора типа.
D:\GPU_Labs\GPU_Lab3_Gemm\GPU_Lab3_Gemm\main.cpp(87,1): warning C4114: Множественное использование одного и того же квалификатора типа.
D:\GPU_Labs\GPU_Lab3_Gemm\GPU_Lab3_Gemm\main.cpp(29,17): warning C4244: =: преобразование "double" в "T", возможна потеря данных
          with
          [
              T=float
          ]
D:\GPU_Labs\GPU_Lab3_Gemm\GPU_Lab3_Gemm\main.cpp(294): message : выполняется компиляция ссылки на экземпляр шаблон функции "void GenMatrix<T>(T *&,int)"
          with
          [
              T=float
          ]
D:\GPU_Labs\GPU_Lab3_Gemm\GPU_Lab3_Gemm\main.cpp(356): message : выполняется компиляция ссылки на экземпляр шаблон функции "void run<float>(cl_device_id &,std::string)"
D:\GPU_Labs\GPU_Lab3_Gemm\GPU_Lab3_Gemm\main.cpp(183,33): warning C4838: Преобразование из "int" в "size_t" требует сужающего преобразования.
D:\GPU_Labs\GPU_Lab3_Gemm\GPU_Lab3_Gemm\main.cpp(330): message : выполняется компиляция ссылки на экземпляр шаблон функции "double runKernel<T>(cl_device_id &,T *,T *,T *,int,int,int,char *,char *)"
          with
          [
              T=float
          ]
D:\GPU_Labs\GPU_Lab3_Gemm\GPU_Lab3_Gemm\main.cpp(183,36): warning C4838: Преобразование из "int" в "size_t" требует сужающего преобразования.
D:\GPU_Labs\GPU_Lab3_Gemm\GPU_Lab3_Gemm\main.cpp(225,55): warning C4838: Преобразование из "int" в "size_t" требует сужающего преобразования.
D:\GPU_Labs\GPU_Lab3_Gemm\GPU_Lab3_Gemm\main.cpp(337): message : выполняется компиляция ссылки на экземпляр шаблон функции "double runKernelImage<T>(cl_device_id &,T *,T *,T *,int,int,int,char *,char *)"
          with
          [
              T=float
          ]
D:\GPU_Labs\GPU_Lab3_Gemm\GPU_Lab3_Gemm\main.cpp(225,58): warning C4838: Преобразование из "int" в "size_t" требует сужающего преобразования.
D:\GPU_Labs\GPU_Lab3_Gemm\GPU_Lab3_Gemm\main.cpp(226,55): warning C4838: Преобразование из "int" в "size_t" требует сужающего преобразования.
D:\GPU_Labs\GPU_Lab3_Gemm\GPU_Lab3_Gemm\main.cpp(226,58): warning C4838: Преобразование из "int" в "size_t" требует сужающего преобразования.
D:\GPU_Labs\GPU_Lab3_Gemm\GPU_Lab3_Gemm\main.cpp(227,55): warning C4838: Преобразование из "int" в "size_t" требует сужающего преобразования.
D:\GPU_Labs\GPU_Lab3_Gemm\GPU_Lab3_Gemm\main.cpp(227,58): warning C4838: Преобразование из "int" в "size_t" требует сужающего преобразования.
D:\GPU_Labs\GPU_Lab3_Gemm\GPU_Lab3_Gemm\main.cpp(256,33): warning C4838: Преобразование из "int" в "size_t" требует сужающего преобразования.
D:\GPU_Labs\GPU_Lab3_Gemm\GPU_Lab3_Gemm\main.cpp(256,36): warning C4838: Преобразование из "int" в "size_t" требует сужающего преобразования.
D:\GPU_Labs\GPU_Lab3_Gemm\GPU_Lab3_Gemm\main.cpp(266,28): warning C4838: Преобразование из "int" в "const size_t" требует сужающего преобразования.
D:\GPU_Labs\GPU_Lab3_Gemm\GPU_Lab3_Gemm\main.cpp(266,31): warning C4838: Преобразование из "int" в "const size_t" требует сужающего преобразования.
  Создание кода
  6 of 220 functions ( 2.7%) were compiled, the rest were copied from previous compilation.
    0 functions were new in current compilation
    1 functions had inline decision re-evaluated but remain unchanged
  Создание кода завершено
  GPU_Lab3_Gemm.vcxproj -> D:\GPU_Labs\GPU_Lab3_Gemm\x64\Release\GPU_Lab3_Gemm.exe
